2022-10-29 10:54:33.3231 FATAL 服务器发生异常:Error mapping types.

Mapping types:
List`1 -> List`1
System.Collections.Generic.List`1[[CW_ToyShopping.Enity.PublicModels.Author, CW_ToyShopping.Enity, Version=1.0.0.0, Culture=neutral, PublicKeyToken=null]] -> System.Collections.Generic.List`1[[CW_ToyShopping.Enity.PublicModels.AuthirDto, CW_ToyShopping.Enity, Version=1.0.0.0, Culture=neutral, PublicKeyToken=null]]AutoMapper.AutoMapperMappingException: Error mapping types.

Mapping types:
List`1 -> List`1
System.Collections.Generic.List`1[[CW_ToyShopping.Enity.PublicModels.Author, CW_ToyShopping.Enity, Version=1.0.0.0, Culture=neutral, PublicKeyToken=null]] -> System.Collections.Generic.List`1[[CW_ToyShopping.Enity.PublicModels.AuthirDto, CW_ToyShopping.Enity, Version=1.0.0.0, Culture=neutral, PublicKeyToken=null]]
 ---> AutoMapper.AutoMapperMappingException: Error mapping types.

Mapping types:
Author -> AuthirDto
CW_ToyShopping.Enity.PublicModels.Author -> CW_ToyShopping.Enity.PublicModels.AuthirDto

Type Map configuration:
Author -> AuthirDto
CW_ToyShopping.Enity.PublicModels.Author -> CW_ToyShopping.Enity.PublicModels.AuthirDto

Destination Member:
BIRTHDATA

 ---> AutoMapper.AutoMapperMappingException: Missing type map configuration or unsupported mapping.

Mapping types:
DateTimeOffset -> DateTime
System.DateTimeOffset -> System.DateTime

Destination Member:
BIRTHDATA

   at lambda_method54(Closure , DateTimeOffset , DateTime , ResolutionContext )
   at lambda_method28(Closure , Object , List`1 , ResolutionContext )
   --- End of inner exception stack trace ---
   at lambda_method28(Closure , Object , List`1 , ResolutionContext )
   --- End of inner exception stack trace ---
   at lambda_method28(Closure , Object , List`1 , ResolutionContext )
   at CW_ToyShopping.Service.PublicService.AuthorService.GetAuthirList() in G:\ElePhantUi-后端\CW_ToyShopping\CW_ToyShopping.Service\PublicService\AuthorService.cs:line 43
   at CW_ToyShopping.Controllers.PublicControllers.AuthorController.GetAuthorsAsync() in G:\ElePhantUi-后端\CW_ToyShopping\CW_ToyShopping\Controllers\PublicControllers\AuthorController.cs:line 29
   at lambda_method7(Closure , Object )
   at Microsoft.AspNetCore.Mvc.Infrastructure.ActionMethodExecutor.TaskOfActionResultExecutor.Execute(IActionResultTypeMapper mapper, ObjectMethodExecutor executor, Object controller, Object[] arguments)
   at Microsoft.AspNetCore.Mvc.Infrastructure.ControllerActionInvoker.<InvokeActionMethodAsync>g__Awaited|12_0(ControllerActionInvoker invoker, ValueTask`1 actionResultValueTask)
   at Microsoft.AspNetCore.Mvc.Infrastructure.ControllerActionInvoker.<InvokeNextActionFilterAsync>g__Awaited|10_0(ControllerActionInvoker invoker, Task lastTask, State next, Scope scope, Object state, Boolean isCompleted)
   at Microsoft.AspNetCore.Mvc.Infrastructure.ControllerActionInvoker.Rethrow(ActionExecutedContextSealed context)
   at Microsoft.AspNetCore.Mvc.Infrastructure.ControllerActionInvoker.Next(State& next, Scope& scope, Object& state, Boolean& isCompleted)
   at Microsoft.AspNetCore.Mvc.Infrastructure.ControllerActionInvoker.InvokeInnerFilterAsync()
--- End of stack trace from previous location ---
   at Microsoft.AspNetCore.Mvc.Infrastructure.ResourceInvoker.<InvokeNextExceptionFilterAsync>g__Awaited|25_0(ResourceInvoker invoker, Task lastTask, State next, Scope scope, Object state, Boolean isCompleted) 
 
2022-10-29 10:55:58.6297 FATAL 服务器发生异常:Error mapping types.

Mapping types:
List`1 -> List`1
System.Collections.Generic.List`1[[CW_ToyShopping.Enity.PublicModels.Author, CW_ToyShopping.Enity, Version=1.0.0.0, Culture=neutral, PublicKeyToken=null]] -> System.Collections.Generic.List`1[[CW_ToyShopping.Enity.PublicModels.AuthirDto, CW_ToyShopping.Enity, Version=1.0.0.0, Culture=neutral, PublicKeyToken=null]]AutoMapper.AutoMapperMappingException: Error mapping types.

Mapping types:
List`1 -> List`1
System.Collections.Generic.List`1[[CW_ToyShopping.Enity.PublicModels.Author, CW_ToyShopping.Enity, Version=1.0.0.0, Culture=neutral, PublicKeyToken=null]] -> System.Collections.Generic.List`1[[CW_ToyShopping.Enity.PublicModels.AuthirDto, CW_ToyShopping.Enity, Version=1.0.0.0, Culture=neutral, PublicKeyToken=null]]
 ---> AutoMapper.AutoMapperMappingException: Error mapping types.

Mapping types:
Author -> AuthirDto
CW_ToyShopping.Enity.PublicModels.Author -> CW_ToyShopping.Enity.PublicModels.AuthirDto

Type Map configuration:
Author -> AuthirDto
CW_ToyShopping.Enity.PublicModels.Author -> CW_ToyShopping.Enity.PublicModels.AuthirDto

Destination Member:
BIRTHDATA

 ---> AutoMapper.AutoMapperMappingException: Missing type map configuration or unsupported mapping.

Mapping types:
DateTimeOffset -> DateTime
System.DateTimeOffset -> System.DateTime

Destination Member:
BIRTHDATA

   at lambda_method54(Closure , DateTimeOffset , DateTime , ResolutionContext )
   at lambda_method28(Closure , Object , List`1 , ResolutionContext )
   --- End of inner exception stack trace ---
   at lambda_method28(Closure , Object , List`1 , ResolutionContext )
   --- End of inner exception stack trace ---
   at lambda_method28(Closure , Object , List`1 , ResolutionContext )
   at CW_ToyShopping.Service.PublicService.AuthorService.GetAuthirList() in G:\ElePhantUi-后端\CW_ToyShopping\CW_ToyShopping.Service\PublicService\AuthorService.cs:line 43
   at CW_ToyShopping.Controllers.PublicControllers.AuthorController.GetAuthorsAsync() in G:\ElePhantUi-后端\CW_ToyShopping\CW_ToyShopping\Controllers\PublicControllers\AuthorController.cs:line 29
   at lambda_method7(Closure , Object )
   at Microsoft.AspNetCore.Mvc.Infrastructure.ActionMethodExecutor.TaskOfActionResultExecutor.Execute(IActionResultTypeMapper mapper, ObjectMethodExecutor executor, Object controller, Object[] arguments)
   at Microsoft.AspNetCore.Mvc.Infrastructure.ControllerActionInvoker.<InvokeActionMethodAsync>g__Awaited|12_0(ControllerActionInvoker invoker, ValueTask`1 actionResultValueTask)
   at Microsoft.AspNetCore.Mvc.Infrastructure.ControllerActionInvoker.<InvokeNextActionFilterAsync>g__Awaited|10_0(ControllerActionInvoker invoker, Task lastTask, State next, Scope scope, Object state, Boolean isCompleted)
   at Microsoft.AspNetCore.Mvc.Infrastructure.ControllerActionInvoker.Rethrow(ActionExecutedContextSealed context)
   at Microsoft.AspNetCore.Mvc.Infrastructure.ControllerActionInvoker.Next(State& next, Scope& scope, Object& state, Boolean& isCompleted)
   at Microsoft.AspNetCore.Mvc.Infrastructure.ControllerActionInvoker.InvokeInnerFilterAsync()
--- End of stack trace from previous location ---
   at Microsoft.AspNetCore.Mvc.Infrastructure.ResourceInvoker.<InvokeNextExceptionFilterAsync>g__Awaited|25_0(ResourceInvoker invoker, Task lastTask, State next, Scope scope, Object state, Boolean isCompleted) 
 
2022-10-29 13:11:30.6156 FATAL 服务器发生异常:Missing type map configuration or unsupported mapping.

Mapping types:
AuthirDto -> Author
CW_ToyShopping.Enity.PublicModels.AuthirDto -> CW_ToyShopping.Enity.PublicModels.AuthorAutoMapper.AutoMapperMappingException: Missing type map configuration or unsupported mapping.

Mapping types:
AuthirDto -> Author
CW_ToyShopping.Enity.PublicModels.AuthirDto -> CW_ToyShopping.Enity.PublicModels.Author
   at lambda_method62(Closure , Object , Author , ResolutionContext )
   at CW_ToyShopping.Service.PublicService.AuthorService.UpdateAuthor(AuthirDto authirDto) in G:\ElePhantUi-后端\CW_ToyShopping\CW_ToyShopping.Service\PublicService\AuthorService.cs:line 76
   at CW_ToyShopping.Controllers.PublicControllers.AuthorController.UpdateAuthor(AuthirDto authirDto) in G:\ElePhantUi-后端\CW_ToyShopping\CW_ToyShopping\Controllers\PublicControllers\AuthorController.cs:line 43
   at lambda_method7(Closure , Object )
   at Microsoft.AspNetCore.Mvc.Infrastructure.ActionMethodExecutor.TaskOfActionResultExecutor.Execute(IActionResultTypeMapper mapper, ObjectMethodExecutor executor, Object controller, Object[] arguments)
   at Microsoft.AspNetCore.Mvc.Infrastructure.ControllerActionInvoker.<InvokeActionMethodAsync>g__Awaited|12_0(ControllerActionInvoker invoker, ValueTask`1 actionResultValueTask)
   at Microsoft.AspNetCore.Mvc.Infrastructure.ControllerActionInvoker.<InvokeNextActionFilterAsync>g__Awaited|10_0(ControllerActionInvoker invoker, Task lastTask, State next, Scope scope, Object state, Boolean isCompleted)
   at Microsoft.AspNetCore.Mvc.Infrastructure.ControllerActionInvoker.Rethrow(ActionExecutedContextSealed context)
   at Microsoft.AspNetCore.Mvc.Infrastructure.ControllerActionInvoker.Next(State& next, Scope& scope, Object& state, Boolean& isCompleted)
   at Microsoft.AspNetCore.Mvc.Infrastructure.ControllerActionInvoker.<InvokeInnerFilterAsync>g__Awaited|13_0(ControllerActionInvoker invoker, Task lastTask, State next, Scope scope, Object state, Boolean isCompleted)
   at Microsoft.AspNetCore.Mvc.Infrastructure.ResourceInvoker.<InvokeNextExceptionFilterAsync>g__Awaited|25_0(ResourceInvoker invoker, Task lastTask, State next, Scope scope, Object state, Boolean isCompleted) 
 
2022-10-29 13:13:17.9364 FATAL 服务器发生异常:The instance of entity type 'Author' cannot be tracked because another instance with the same key value for {'AuthorID'} is already being tracked. When attaching existing entities, ensure that only one entity instance with a given key value is attached. Consider using 'DbContextOptionsBuilder.EnableSensitiveDataLogging' to see the conflicting key values.System.InvalidOperationException: The instance of entity type 'Author' cannot be tracked because another instance with the same key value for {'AuthorID'} is already being tracked. When attaching existing entities, ensure that only one entity instance with a given key value is attached. Consider using 'DbContextOptionsBuilder.EnableSensitiveDataLogging' to see the conflicting key values.
   at Microsoft.EntityFrameworkCore.ChangeTracking.Internal.IdentityMap`1.ThrowIdentityConflict(InternalEntityEntry entry)
   at Microsoft.EntityFrameworkCore.ChangeTracking.Internal.IdentityMap`1.Add(TKey key, InternalEntityEntry entry, Boolean updateDuplicate)
   at Microsoft.EntityFrameworkCore.ChangeTracking.Internal.IdentityMap`1.Add(TKey key, InternalEntityEntry entry)
   at Microsoft.EntityFrameworkCore.ChangeTracking.Internal.IdentityMap`1.Add(InternalEntityEntry entry)
   at Microsoft.EntityFrameworkCore.ChangeTracking.Internal.StateManager.StartTracking(InternalEntityEntry entry)
   at Microsoft.EntityFrameworkCore.ChangeTracking.Internal.InternalEntityEntry.SetEntityState(EntityState oldState, EntityState newState, Boolean acceptChanges, Boolean modifyProperties)
   at Microsoft.EntityFrameworkCore.ChangeTracking.Internal.InternalEntityEntry.SetEntityState(EntityState entityState, Boolean acceptChanges, Boolean modifyProperties, Nullable`1 forceStateWhenUnknownKey)
   at Microsoft.EntityFrameworkCore.ChangeTracking.Internal.EntityGraphAttacher.PaintAction(EntityEntryGraphNode`1 node)
   at Microsoft.EntityFrameworkCore.ChangeTracking.Internal.EntityEntryGraphIterator.TraverseGraph[TState](EntityEntryGraphNode`1 node, Func`2 handleNode)
   at Microsoft.EntityFrameworkCore.ChangeTracking.Internal.EntityGraphAttacher.AttachGraph(InternalEntityEntry rootEntry, EntityState targetState, EntityState storeGeneratedWithKeySetTargetState, Boolean forceStateWhenUnknownKey)
   at Microsoft.EntityFrameworkCore.DbContext.SetEntityState(InternalEntityEntry entry, EntityState entityState)
   at Microsoft.EntityFrameworkCore.DbContext.SetEntityState[TEntity](TEntity entity, EntityState entityState)
   at Microsoft.EntityFrameworkCore.DbContext.Update[TEntity](TEntity entity)
   at Microsoft.EntityFrameworkCore.Internal.InternalDbSet`1.Update(TEntity entity)
   at CW_ToyShopping.Repository.BaseRepository.RepositoryBase`2.Update(T entity) in G:\ElePhantUi-后端\CW_ToyShopping\CW_ToyShopping.Repository\BaseRepository\RepositoryBase.cs:line 39
   at CW_ToyShopping.Service.PublicService.AuthorService.UpdateAuthor(AuthirDto authirDto) in G:\ElePhantUi-后端\CW_ToyShopping\CW_ToyShopping.Service\PublicService\AuthorService.cs:line 78
   at CW_ToyShopping.Controllers.PublicControllers.AuthorController.UpdateAuthor(AuthirDto authirDto) in G:\ElePhantUi-后端\CW_ToyShopping\CW_ToyShopping\Controllers\PublicControllers\AuthorController.cs:line 43
   at lambda_method7(Closure , Object )
   at Microsoft.AspNetCore.Mvc.Infrastructure.ActionMethodExecutor.TaskOfActionResultExecutor.Execute(IActionResultTypeMapper mapper, ObjectMethodExecutor executor, Object controller, Object[] arguments)
   at Microsoft.AspNetCore.Mvc.Infrastructure.ControllerActionInvoker.<InvokeActionMethodAsync>g__Awaited|12_0(ControllerActionInvoker invoker, ValueTask`1 actionResultValueTask)
   at Microsoft.AspNetCore.Mvc.Infrastructure.ControllerActionInvoker.<InvokeNextActionFilterAsync>g__Awaited|10_0(ControllerActionInvoker invoker, Task lastTask, State next, Scope scope, Object state, Boolean isCompleted)
   at Microsoft.AspNetCore.Mvc.Infrastructure.ControllerActionInvoker.Rethrow(ActionExecutedContextSealed context)
   at Microsoft.AspNetCore.Mvc.Infrastructure.ControllerActionInvoker.Next(State& next, Scope& scope, Object& state, Boolean& isCompleted)
   at Microsoft.AspNetCore.Mvc.Infrastructure.ControllerActionInvoker.<InvokeInnerFilterAsync>g__Awaited|13_0(ControllerActionInvoker invoker, Task lastTask, State next, Scope scope, Object state, Boolean isCompleted)
   at Microsoft.AspNetCore.Mvc.Infrastructure.ResourceInvoker.<InvokeNextExceptionFilterAsync>g__Awaited|25_0(ResourceInvoker invoker, Task lastTask, State next, Scope scope, Object state, Boolean isCompleted) 
 
